Unity Editor version:    2022.3.20f1 (61c2feb0970d)
Branch:                  2022.3/release
Build type:              Release
Batch mode:              YES
macOS version:           Version 14.2.1 (Build 23C71)
Darwin version:          23.2.0
Architecture:            arm64
Running under Rosetta:   NO
Available memory:        8192 MB
Using pre-set license
Pro License: YES

COMMAND LINE ARGUMENTS:
/Applications/Unity/Hub/Editor/2022.3.20f1/Unity/Unity.app/Contents/MacOS/Unity
-adb2
-batchMode
-noUpm
-name
AssetImportWorker0
-projectPath
/Users/oscarlobban/GitHub/Symbolore/Bowling Ball Scene
-logFile
Logs/AssetImportWorker0.log
-srvPort
52848
Successfully changed project path to: /Users/oscarlobban/GitHub/Symbolore/Bowling Ball Scene
/Users/oscarlobban/GitHub/Symbolore/Bowling Ball Scene
[UnityMemory] Configuration Parameters - Can be set up in boot.config
    "memorysetup-bucket-allocator-granularity=16"
    "memorysetup-bucket-allocator-bucket-count=8"
    "memorysetup-bucket-allocator-block-size=33554432"
    "memorysetup-bucket-allocator-block-count=8"
    "memorysetup-main-allocator-block-size=16777216"
    "memorysetup-thread-allocator-block-size=16777216"
    "memorysetup-gfx-main-allocator-block-size=16777216"
    "memorysetup-gfx-thread-allocator-block-size=16777216"
    "memorysetup-cache-allocator-block-size=4194304"
    "memorysetup-typetree-allocator-block-size=2097152"
    "memorysetup-profiler-bucket-allocator-granularity=16"
    "memorysetup-profiler-bucket-allocator-bucket-count=8"
    "memorysetup-profiler-bucket-allocator-block-size=33554432"
    "memorysetup-profiler-bucket-allocator-block-count=8"
    "memorysetup-profiler-allocator-block-size=16777216"
    "memorysetup-profiler-editor-allocator-block-size=1048576"
    "memorysetup-temp-allocator-size-main=16777216"
    "memorysetup-job-temp-allocator-block-size=2097152"
    "memorysetup-job-temp-allocator-block-size-background=1048576"
    "memorysetup-job-temp-allocator-reduction-small-platforms=262144"
    "memorysetup-allocator-temp-initial-block-size-main=262144"
    "memorysetup-allocator-temp-initial-block-size-worker=262144"
    "memorysetup-temp-allocator-size-background-worker=32768"
    "memorysetup-temp-allocator-size-job-worker=262144"
    "memorysetup-temp-allocator-size-preload-manager=33554432"
    "memorysetup-temp-allocator-size-nav-mesh-worker=65536"
    "memorysetup-temp-allocator-size-audio-worker=65536"
    "memorysetup-temp-allocator-size-cloud-worker=32768"
    "memorysetup-temp-allocator-size-gi-baking-worker=262144"
    "memorysetup-temp-allocator-size-gfx=262144"
Player connection [7939215360] Host "[IP] 10.105.62.35 [Port] 0 [Flags] 2 [Guid] 2238751630 [EditorId] 2238751630 [Version] 1048832 [Id] OSXEditor(0,oscars-macbook-air.local) [Debug] 1 [PackageName] OSXEditor [ProjectName] Editor" joined multi-casting on [225.0.0.222:54997]...

Player connection [7939215360] Host "[IP] 10.105.62.35 [Port] 0 [Flags] 2 [Guid] 2238751630 [EditorId] 2238751630 [Version] 1048832 [Id] OSXEditor(0,oscars-macbook-air.local) [Debug] 1 [PackageName] OSXEditor [ProjectName] Editor" joined alternative multi-casting on [225.0.0.222:34997]...

[Physics::Module] Initialized MultithreadedJobDispatcher with 7 workers.
Refreshing native plugins compatible for Editor in 3.54 ms, found 1 plugins.
Preloading 1 native plugins for Editor in 7.93 ms.
Initialize engine version: 2022.3.20f1 (61c2feb0970d)
[Subsystems] Discovering subsystems at path /Applications/Unity/Hub/Editor/2022.3.20f1/Unity/Unity.app/Contents/Resources/UnitySubsystems
[Subsystems] Discovering subsystems at path /Users/oscarlobban/GitHub/Symbolore/Bowling Ball Scene/Assets
GfxDevice: creating device client; threaded=0; jobified=0
 preferred device: Apple M1 (high power)
Metal devices available: 1
0: Apple M1 (high power)
Using device Apple M1 (high power)
Initializing Metal device caps: Apple M1
Initialize mono
Mono path[0] = '/Applications/Unity/Hub/Editor/2022.3.20f1/Unity/Unity.app/Contents/Managed'
Mono path[1] = '/Applications/Unity/Hub/Editor/2022.3.20f1/Unity/Unity.app/Contents/MonoBleedingEdge/lib/mono/unityjit-macos'
Mono config path = '/Applications/Unity/Hub/Editor/2022.3.20f1/Unity/Unity.app/Contents/MonoBleedingEdge/etc'
Using monoOptions --debugger-agent=transport=dt_socket,embedding=1,server=y,suspend=n,address=127.0.0.1:56567
Begin MonoManager ReloadAssembly
Registering precompiled unity dll's ...
Register platform support module: /Applications/Unity/Hub/Editor/2022.3.20f1/Unity/Unity.app/Contents/PlaybackEngines/MacStandaloneSupport/UnityEditor.OSXStandalone.Extensions.dll
Registered in 0.003605 seconds.
- Loaded All Assemblies, in  0.354 seconds
Native extension for OSXStandalone target not found
Mono: successfully reloaded assembly
- Finished resetting the current domain, in  0.240 seconds
Domain Reload Profiling: 593ms
	BeginReloadAssembly (123ms)
		ExecutionOrderSort (0ms)
		DisableScriptedObjects (0ms)
		BackupInstance (0ms)
		ReleaseScriptingObjects (0ms)
		CreateAndSetChildDomain (1ms)
	RebuildCommonClasses (34ms)
	RebuildNativeTypeToScriptingClass (13ms)
	initialDomainReloadingComplete (48ms)
	LoadAllAssembliesAndSetupDomain (136ms)
		LoadAssemblies (123ms)
		RebuildTransferFunctionScriptingTraits (0ms)
		AnalyzeDomain (133ms)
			TypeCache.Refresh (132ms)
				TypeCache.ScanAssembly (118ms)
			ScanForSourceGeneratedMonoScriptInfo (0ms)
			ResolveRequiredComponents (0ms)
	FinalizeReload (240ms)
		ReleaseScriptCaches (0ms)
		RebuildScriptCaches (0ms)
		SetupLoadedEditorAssemblies (184ms)
			LogAssemblyErrors (0ms)
			InitializePlatformSupportModulesInManaged (8ms)
			SetLoadedEditorAssemblies (6ms)
			RefreshPlugins (0ms)
			BeforeProcessingInitializeOnLoad (2ms)
			ProcessInitializeOnLoadAttributes (128ms)
			ProcessInitializeOnLoadMethodAttributes (40ms)
			AfterProcessingInitializeOnLoad (0ms)
			EditorAssembliesLoaded (0ms)
		ExecutionOrderSort2 (0ms)
		AwakeInstancesAfterBackupRestoration (0ms)
========================================================================
Worker process is ready to serve import requests
Begin MonoManager ReloadAssembly
- Loaded All Assemblies, in  0.224 seconds
Refreshing native plugins compatible for Editor in 1.06 ms, found 1 plugins.
Native extension for OSXStandalone target not found
Package Manager log level set to [2]
[Package Manager] Server::EnsureServerProcessIsRunning -- launch failed, reason: Unity was launched with the -noUpm command-line argument
[Package Manager] UpmClient::Send -- Unable to send message (not connected to UPM process).
[Package Manager] Cannot connect to Unity Package Manager local server
Mono: successfully reloaded assembly
[Package Manager] Server::EnsureServerProcessIsRunning -- launch failed, reason: Unity was launched with the -noUpm command-line argument
[Package Manager] UpmClient::Send -- Unable to send message (not connected to UPM process).
[Package Manager] Cannot connect to Unity Package Manager local server
[Package Manager] Server::EnsureServerProcessIsRunning -- launch failed, reason: Unity was launched with the -noUpm command-line argument
[Package Manager] UpmClient::Send -- Unable to send message (not connected to UPM process).
[Package Manager] Cannot connect to Unity Package Manager local server
- Finished resetting the current domain, in  0.569 seconds
Domain Reload Profiling: 794ms
	BeginReloadAssembly (88ms)
		ExecutionOrderSort (0ms)
		DisableScriptedObjects (4ms)
		BackupInstance (0ms)
		ReleaseScriptingObjects (0ms)
		CreateAndSetChildDomain (14ms)
	RebuildCommonClasses (31ms)
	RebuildNativeTypeToScriptingClass (11ms)
	initialDomainReloadingComplete (15ms)
	LoadAllAssembliesAndSetupDomain (80ms)
		LoadAssemblies (78ms)
		RebuildTransferFunctionScriptingTraits (0ms)
		AnalyzeDomain (44ms)
			TypeCache.Refresh (33ms)
				TypeCache.ScanAssembly (24ms)
			ScanForSourceGeneratedMonoScriptInfo (6ms)
			ResolveRequiredComponents (4ms)
	FinalizeReload (570ms)
		ReleaseScriptCaches (0ms)
		RebuildScriptCaches (0ms)
		SetupLoadedEditorAssemblies (419ms)
			LogAssemblyErrors (0ms)
			InitializePlatformSupportModulesInManaged (5ms)
			SetLoadedEditorAssemblies (7ms)
			RefreshPlugins (0ms)
			BeforeProcessingInitializeOnLoad (66ms)
			ProcessInitializeOnLoadAttributes (318ms)
			ProcessInitializeOnLoadMethodAttributes (20ms)
			AfterProcessingInitializeOnLoad (1ms)
			EditorAssembliesLoaded (0ms)
		ExecutionOrderSort2 (0ms)
		AwakeInstancesAfterBackupRestoration (4ms)
Launching external process: /Applications/Unity/Hub/Editor/2022.3.20f1/Unity/Unity.app/Contents/Tools/UnityShaderCompiler
Launched and connected shader compiler UnityShaderCompiler after 0.09 seconds
Refreshing native plugins compatible for Editor in 1.15 ms, found 1 plugins.
Preloading 1 native plugins for Editor in 0.29 ms.
Unloading 1418 Unused Serialized files (Serialized files now loaded: 0)
Unloading 21 unused Assets / (45.1 KB). Loaded Objects now: 1904.
Memory consumption went from 97.2 MB to 97.1 MB.
Total: 3.907667 ms (FindLiveObjects: 0.096792 ms CreateObjectMapping: 0.037125 ms MarkObjects: 3.658958 ms  DeleteObjects: 0.113917 ms)

AssetImportParameters requested are different than current active one (requested -> active):
  custom:video-encoder-webm-vp8: eb34c28f22e8b96e1ab97ce403110664 -> 
  custom:video-decoder-webm-vp8: 9c59270c3fd7afecdb556c50c9e8de78 -> 
  custom:audio-decoder-ogg-vorbis: bf7c407c2cedff20999df2af8eb42d56 -> 
  custom:SearchIndexIgnoredProperties: e643bd26f0fe6173181afceb89e7c659 -> 
  custom:container-demuxer-ogg: 62fdf1f143b41e24485cea50d1cbac27 -> 
  custom:AudioImporter_EditorPlatform: 3918e3fc78b5a79bad01e8451be0beb8 -> 
  custom:CustomObjectIndexerAttribute: 6d391050e5a25f67b0a2c618074f2cd9 -> 
  custom:container-demuxer-webm: 4f35f7cbe854078d1ac9338744f61a02 -> 
  custom:video-decoder-ogg-theora: a1e56fd34408186e4bbccfd4996cb3dc -> 
  custom:audio-encoder-webm-vorbis: bf7c407c2cedff20999df2af8eb42d56 -> 
  custom:framework-osx-AVFoundation: e770b220cccbd017edd2c1fefb359320 -> 
  custom:container-muxer-webm: aa71ff27fc2769a1b78a27578f13a17b -> 
========================================================================
Received Import Request.
  Time since last request: 74816.200642 seconds.
  path: Assets/CITY PARK ASSETS/BrokenVector/LowPolyTreePack/Models/Tree Type4 05.dae
  artifactKey: Guid(05f4a294fb6ca7e4c87b33948d1ebec3) Importer(815301076,1909f56bfc062723c751e8b465ee728b)
Start importing Assets/CITY PARK ASSETS/BrokenVector/LowPolyTreePack/Models/Tree Type4 05.dae using Guid(05f4a294fb6ca7e4c87b33948d1ebec3) Importer(815301076,1909f56bfc062723c751e8b465ee728b)  -> (artifact id: '365514af1cd87b1e43e928b796abfd6b') in 0.133269 seconds
Number of updated asset objects reloaded before import = 0
Number of asset objects unloaded after import = 8
========================================================================
Received Import Request.
  Time since last request: 0.002123 seconds.
  path: Assets/CITY PARK ASSETS/BrokenVector/LowPolyTreePack/Models/Tree Type1 05.dae
  artifactKey: Guid(f6c597498257ae843adeb6a76dd3013e) Importer(815301076,1909f56bfc062723c751e8b465ee728b)
Start importing Assets/CITY PARK ASSETS/BrokenVector/LowPolyTreePack/Models/Tree Type1 05.dae using Guid(f6c597498257ae843adeb6a76dd3013e) Importer(815301076,1909f56bfc062723c751e8b465ee728b)  -> (artifact id: '1181bdcec63e0bb4600c36bf2262d905') in 0.012981 seconds
Number of updated asset objects reloaded before import = 0
Number of asset objects unloaded after import = 8
========================================================================
Received Import Request.
  Time since last request: 0.000334 seconds.
  path: Assets/CITY PARK ASSETS/BrokenVector/LowPolyTreePack/Models
  artifactKey: Guid(988f3dbd4cdadd84a8e393bdf70d8bf2) Importer(815301076,1909f56bfc062723c751e8b465ee728b)
Start importing Assets/CITY PARK ASSETS/BrokenVector/LowPolyTreePack/Models using Guid(988f3dbd4cdadd84a8e393bdf70d8bf2) Importer(815301076,1909f56bfc062723c751e8b465ee728b)  -> (artifact id: 'e8b15a133db1115957ae177a1767deb6') in 0.000294 seconds
Number of updated asset objects reloaded before import = 0
Number of asset objects unloaded after import = 0
========================================================================
Received Import Request.
  Time since last request: 0.000110 seconds.
  path: Assets/CITY PARK ASSETS/BrokenVector/LowPolyTreePack/Models/Tree Type2 01.dae
  artifactKey: Guid(b3d80aad1767322488af8777deb5fd54) Importer(815301076,1909f56bfc062723c751e8b465ee728b)
Start importing Assets/CITY PARK ASSETS/BrokenVector/LowPolyTreePack/Models/Tree Type2 01.dae using Guid(b3d80aad1767322488af8777deb5fd54) Importer(815301076,1909f56bfc062723c751e8b465ee728b)  -> (artifact id: '27ab9e2ab23d73d5f6a1b57b575c959b') in 0.009436 seconds
Number of updated asset objects reloaded before import = 0
Number of asset objects unloaded after import = 8
========================================================================
Received Import Request.
  Time since last request: 0.000236 seconds.
  path: Assets/CITY PARK ASSETS/BrokenVector/LowPolyTreePack/Models/Tree Type2 05.dae
  artifactKey: Guid(08370ae33fad3da4a8357631f8a9f5ae) Importer(815301076,1909f56bfc062723c751e8b465ee728b)
Start importing Assets/CITY PARK ASSETS/BrokenVector/LowPolyTreePack/Models/Tree Type2 05.dae using Guid(08370ae33fad3da4a8357631f8a9f5ae) Importer(815301076,1909f56bfc062723c751e8b465ee728b)  -> (artifact id: '948b2ad2d9d8573712606f0ed719db98') in 0.011573 seconds
Number of updated asset objects reloaded before import = 0
Number of asset objects unloaded after import = 8
========================================================================
Received Import Request.
  Time since last request: 0.000113 seconds.
  path: Assets/CITY PARK ASSETS/BrokenVector/LowPolyTreePack/Models/Tree Type4 04.dae
  artifactKey: Guid(361dbd13abe581240910f764f838d930) Importer(815301076,1909f56bfc062723c751e8b465ee728b)
Start importing Assets/CITY PARK ASSETS/BrokenVector/LowPolyTreePack/Models/Tree Type4 04.dae using Guid(361dbd13abe581240910f764f838d930) Importer(815301076,1909f56bfc062723c751e8b465ee728b)  -> (artifact id: '808c3b6fabf6000abba19599cccea475') in 0.009869 seconds
Number of updated asset objects reloaded before import = 0
Number of asset objects unloaded after import = 8
========================================================================
Received Import Request.
  Time since last request: 0.000201 seconds.
  path: Assets/CITY PARK ASSETS/BrokenVector/LowPolyTreePack/Models/Tree Type6 03.dae
  artifactKey: Guid(f6e7f2100b2c5544d94468d977d66b29) Importer(815301076,1909f56bfc062723c751e8b465ee728b)
Start importing Assets/CITY PARK ASSETS/BrokenVector/LowPolyTreePack/Models/Tree Type6 03.dae using Guid(f6e7f2100b2c5544d94468d977d66b29) Importer(815301076,1909f56bfc062723c751e8b465ee728b)  -> (artifact id: '730331b0fdef56517f7d4cc1f06c3631') in 0.010803 seconds
Number of updated asset objects reloaded before import = 0
Number of asset objects unloaded after import = 8
========================================================================
Received Import Request.
  Time since last request: 0.000048 seconds.
  path: Assets/CITY PARK ASSETS/BrokenVector/LowPolyTreePack/Models/Tree Type5 03.dae
  artifactKey: Guid(1e97612a294865943926d93961f9c229) Importer(815301076,1909f56bfc062723c751e8b465ee728b)
Start importing Assets/CITY PARK ASSETS/BrokenVector/LowPolyTreePack/Models/Tree Type5 03.dae using Guid(1e97612a294865943926d93961f9c229) Importer(815301076,1909f56bfc062723c751e8b465ee728b)  -> (artifact id: '18e502b3041ca6295aed7c611a981f07') in 0.010313 seconds
Number of updated asset objects reloaded before import = 0
Number of asset objects unloaded after import = 8
========================================================================
Received Import Request.
  Time since last request: 0.000192 seconds.
  path: Assets/CITY PARK ASSETS/BrokenVector/LowPolyTreePack/Models/Tree Type0 06.dae
  artifactKey: Guid(58e56545a2d219944b78729eaa444a51) Importer(815301076,1909f56bfc062723c751e8b465ee728b)
Start importing Assets/CITY PARK ASSETS/BrokenVector/LowPolyTreePack/Models/Tree Type0 06.dae using Guid(58e56545a2d219944b78729eaa444a51) Importer(815301076,1909f56bfc062723c751e8b465ee728b)  -> (artifact id: 'b6bac332efd60a3de6e48d73a9fd0480') in 0.012366 seconds
Number of updated asset objects reloaded before import = 0
Number of asset objects unloaded after import = 8
========================================================================
Received Import Request.
  Time since last request: 0.000228 seconds.
  path: Assets/CITY PARK ASSETS/BrokenVector/LowPolyTreePack/Models/Tree Type3 01.dae
  artifactKey: Guid(5166d739d26f73246a2623515169479e) Importer(815301076,1909f56bfc062723c751e8b465ee728b)
Start importing Assets/CITY PARK ASSETS/BrokenVector/LowPolyTreePack/Models/Tree Type3 01.dae using Guid(5166d739d26f73246a2623515169479e) Importer(815301076,1909f56bfc062723c751e8b465ee728b)  -> (artifact id: '62838785c311689e8a80b0f5ad5856e0') in 0.012984 seconds
Number of updated asset objects reloaded before import = 0
Number of asset objects unloaded after import = 8
========================================================================
Received Import Request.
  Time since last request: 0.000278 seconds.
  path: Assets/CITY PARK ASSETS/BrokenVector/LowPolyTreePack/Models/Tree Type0 04.dae
  artifactKey: Guid(b4f0e46a9f630054c925d3d92d45584e) Importer(815301076,1909f56bfc062723c751e8b465ee728b)
Start importing Assets/CITY PARK ASSETS/BrokenVector/LowPolyTreePack/Models/Tree Type0 04.dae using Guid(b4f0e46a9f630054c925d3d92d45584e) Importer(815301076,1909f56bfc062723c751e8b465ee728b)  -> (artifact id: '342761ab35d2c64da8d87a8d778dffcd') in 0.015127 seconds
Number of updated asset objects reloaded before import = 0
Number of asset objects unloaded after import = 8
========================================================================
Received Import Request.
  Time since last request: 0.000146 seconds.
  path: Assets/CITY PARK ASSETS/BrokenVector/LowPolyTreePack/Models/Tree Type3 04.dae
  artifactKey: Guid(f52689dc8ea801b46874ff4a4a6c328a) Importer(815301076,1909f56bfc062723c751e8b465ee728b)
Start importing Assets/CITY PARK ASSETS/BrokenVector/LowPolyTreePack/Models/Tree Type3 04.dae using Guid(f52689dc8ea801b46874ff4a4a6c328a) Importer(815301076,1909f56bfc062723c751e8b465ee728b)  -> (artifact id: '7b45d898fa26b8536f85eb4cbdd012c4') in 0.011754 seconds
Number of updated asset objects reloaded before import = 0
Number of asset objects unloaded after import = 8
========================================================================
Received Import Request.
  Time since last request: 0.000126 seconds.
  path: Assets/CITY PARK ASSETS/BrokenVector/LowPolyTreePack
  artifactKey: Guid(762d9af53e4f12743bc5e56e83602567) Importer(815301076,1909f56bfc062723c751e8b465ee728b)
Start importing Assets/CITY PARK ASSETS/BrokenVector/LowPolyTreePack using Guid(762d9af53e4f12743bc5e56e83602567) Importer(815301076,1909f56bfc062723c751e8b465ee728b)  -> (artifact id: 'd16762560d0c219e8ff313311d65ddef') in 0.000299 seconds
Number of updated asset objects reloaded before import = 0
Number of asset objects unloaded after import = 0
========================================================================
Received Import Request.
  Time since last request: 0.000209 seconds.
  path: Assets/CITY PARK ASSETS/BrokenVector/LowPolyTreePack/Models/Tree Type6 01.dae
  artifactKey: Guid(d508de2584ef7734aa500f5c47210151) Importer(815301076,1909f56bfc062723c751e8b465ee728b)
Start importing Assets/CITY PARK ASSETS/BrokenVector/LowPolyTreePack/Models/Tree Type6 01.dae using Guid(d508de2584ef7734aa500f5c47210151) Importer(815301076,1909f56bfc062723c751e8b465ee728b)  -> (artifact id: 'b392bc334b08d088f3e87b647cd5fbe2') in 0.012956 seconds
Number of updated asset objects reloaded before import = 0
Number of asset objects unloaded after import = 8
========================================================================
Received Import Request.
  Time since last request: 0.000160 seconds.
  path: Assets/CITY PARK ASSETS/BrokenVector/LowPolyTreePack/Models/Tree Type1 03.dae
  artifactKey: Guid(dec71bb4e66221144b5db0af9e0f39d5) Importer(815301076,1909f56bfc062723c751e8b465ee728b)
Start importing Assets/CITY PARK ASSETS/BrokenVector/LowPolyTreePack/Models/Tree Type1 03.dae using Guid(dec71bb4e66221144b5db0af9e0f39d5) Importer(815301076,1909f56bfc062723c751e8b465ee728b)  -> (artifact id: 'e7eea34c9a6d0a2433d806d1810ba7ac') in 0.012615 seconds
Number of updated asset objects reloaded before import = 0
Number of asset objects unloaded after import = 8
========================================================================
Received Import Request.
  Time since last request: 0.000079 seconds.
  path: Assets/CITY PARK ASSETS/BrokenVector/LowPolyTreePack/Models/Tree Type0 05.dae
  artifactKey: Guid(c8fd0d31d77530344baa4b459b8e221e) Importer(815301076,1909f56bfc062723c751e8b465ee728b)
Start importing Assets/CITY PARK ASSETS/BrokenVector/LowPolyTreePack/Models/Tree Type0 05.dae using Guid(c8fd0d31d77530344baa4b459b8e221e) Importer(815301076,1909f56bfc062723c751e8b465ee728b)  -> (artifact id: 'f3cb1b65957c159d01cf57c1e63335d6') in 0.013084 seconds
Number of updated asset objects reloaded before import = 0
Number of asset objects unloaded after import = 8
========================================================================
Received Import Request.
  Time since last request: 0.000405 seconds.
  path: Assets/CITY PARK ASSETS/BrokenVector/LowPolyTreePack/Models/Tree Type3 03.dae
  artifactKey: Guid(35c5b6683953dc54f99f68b4a16819f7) Importer(815301076,1909f56bfc062723c751e8b465ee728b)
Start importing Assets/CITY PARK ASSETS/BrokenVector/LowPolyTreePack/Models/Tree Type3 03.dae using Guid(35c5b6683953dc54f99f68b4a16819f7) Importer(815301076,1909f56bfc062723c751e8b465ee728b)  -> (artifact id: 'ed28a81af0dcc70c3e32ed469de07c8a') in 0.017648 seconds
Number of updated asset objects reloaded before import = 0
Number of asset objects unloaded after import = 8
========================================================================
Received Import Request.
  Time since last request: 0.001798 seconds.
  path: Assets/CITY PARK ASSETS/BrokenVector/LowPolyTreePack/Models/Tree Type6 04.dae
  artifactKey: Guid(66f0726e43c72a94aa9dc7aa4b6cbfe0) Importer(815301076,1909f56bfc062723c751e8b465ee728b)
Start importing Assets/CITY PARK ASSETS/BrokenVector/LowPolyTreePack/Models/Tree Type6 04.dae using Guid(66f0726e43c72a94aa9dc7aa4b6cbfe0) Importer(815301076,1909f56bfc062723c751e8b465ee728b)  -> (artifact id: 'ec44c2ab3e48bc37cd1c225e4945f637') in 0.020807 seconds
Number of updated asset objects reloaded before import = 0
Number of asset objects unloaded after import = 8
========================================================================
Received Import Request.
  Time since last request: 0.000354 seconds.
  path: Assets/CITY PARK ASSETS/BrokenVector/LowPolyTreePack/Models/Tree Type2 03.dae
  artifactKey: Guid(770b1e3321cb97344b7b5f9ccc2bfe56) Importer(815301076,1909f56bfc062723c751e8b465ee728b)
Start importing Assets/CITY PARK ASSETS/BrokenVector/LowPolyTreePack/Models/Tree Type2 03.dae using Guid(770b1e3321cb97344b7b5f9ccc2bfe56) Importer(815301076,1909f56bfc062723c751e8b465ee728b)  -> (artifact id: 'fed0201ac18e74fa76f60123006e65a1') in 0.017180 seconds
Number of updated asset objects reloaded before import = 0
Number of asset objects unloaded after import = 8
========================================================================
Received Import Request.
  Time since last request: 0.664272 seconds.
  path: Assets/CITY PARK ASSETS/BrokenVector/LowPolyTreePack/Models/Tree Type7 01.dae
  artifactKey: Guid(173d123c3e337ee4c9d101f4c77225f5) Importer(815301076,1909f56bfc062723c751e8b465ee728b)
Start importing Assets/CITY PARK ASSETS/BrokenVector/LowPolyTreePack/Models/Tree Type7 01.dae using Guid(173d123c3e337ee4c9d101f4c77225f5) Importer(815301076,1909f56bfc062723c751e8b465ee728b)  -> (artifact id: 'eef885b05f9539cdac463876c2468d40') in 0.010478 seconds
Number of updated asset objects reloaded before import = 0
Number of asset objects unloaded after import = 8
========================================================================
Received Import Request.
  Time since last request: 0.000156 seconds.
  path: Assets/CITY PARK ASSETS/BrokenVector/LowPolyTreePack/Models/Tree Type7 03.dae
  artifactKey: Guid(32b2d01a42b6ac84d9e11d5f05c569e1) Importer(815301076,1909f56bfc062723c751e8b465ee728b)
Start importing Assets/CITY PARK ASSETS/BrokenVector/LowPolyTreePack/Models/Tree Type7 03.dae using Guid(32b2d01a42b6ac84d9e11d5f05c569e1) Importer(815301076,1909f56bfc062723c751e8b465ee728b)  -> (artifact id: '0fae2363e861fe04fa302d1490e566e9') in 0.015729 seconds
Number of updated asset objects reloaded before import = 0
Number of asset objects unloaded after import = 8
